<?xml version="1.0" encoding="UTF-8"?>
<!-- Generated by org.testng.reporters.JUnitXMLReporter -->
<testsuite hostname="webric103-Vostro-3470" ignored="0" name="Default test" tests="6" failures="0" timestamp="2019-11-18T18:40:58 IST" time="42.433" errors="0">
  <testcase name="cnfmPwdMatch" time="9.471" classname="cases.Ready2Teach.School_Register"/>
  <testcase name="cnfmPwdMatchErr" time="5.646" classname="cases.Ready2Teach.School_Register"/>
  <testcase name="pwdLengthErr" time="3.243" classname="cases.Ready2Teach.School_Register"/>
  <testcase name="schoolRegFormfill" time="12.637" classname="cases.Ready2Teach.School_Register"/>
  <testcase name="subsregerror" time="5.809" classname="cases.Ready2Teach.School_Register"/>
  <testcase name="validemailErr" time="4.794" classname="cases.Ready2Teach.School_Register"/>
</testsuite> <!-- Default test -->
