<?xml version="1.0" encoding="UTF-8"?>
<testng-results skipped="0" failed="1" ignored="0" total="25" passed="24">
  <reporter-output>
  </reporter-output>
  <suite name="Suite" duration-ms="131296" started-at="2019-11-27T16:42:12 IST" finished-at="2019-11-27T16:44:24 IST">
    <groups>
    </groups>
    <test name="Login_Page" duration-ms="19851" started-at="2019-11-27T16:42:12 IST" finished-at="2019-11-27T16:42:32 IST">
      <class name="cases.Ready2Teach.Login_page">
        <test-method status="PASS" signature="basePageNavigation()[pri:0, instance:cases.Ready2Teach.Login_page@5e853265]" name="basePageNavigation" is-config="true" duration-ms="732" started-at="2019-11-27T16:42:12 IST" finished-at="2019-11-27T16:42:13 IST">
          <reporter-output>
          </reporter-output>
        </test-method> <!-- basePageNavigation -->
        <test-method status="PASS" signature="Email_PasswordErr(java.lang.String, java.lang.String)[pri:0, instance:cases.Ready2Teach.Login_page@5e853265]" name="Email_PasswordErr" duration-ms="5964" started-at="2019-11-27T16:42:13 IST" data-provider="getLoginError" finished-at="2019-11-27T16:42:19 IST">
          <params>
            <param index="0">
              <value>
                <![CDATA[2211ragini@gmail.com]]>
              </value>
            </param>
            <param index="1">
              <value>
                <![CDATA[Ragini123]]>
              </value>
            </param>
          </params>
          <reporter-output>
          </reporter-output>
        </test-method> <!-- Email_PasswordErr -->
        <test-method status="PASS" signature="EmailloginErr(java.lang.String)[pri:0, instance:cases.Ready2Teach.Login_page@5e853265]" name="EmailloginErr" duration-ms="994" started-at="2019-11-27T16:42:19 IST" data-provider="getEmailError" finished-at="2019-11-27T16:42:20 IST">
          <params>
            <param index="0">
              <value>
                <![CDATA[Rachna]]>
              </value>
            </param>
          </params>
          <reporter-output>
          </reporter-output>
        </test-method> <!-- EmailloginErr -->
        <test-method status="PASS" signature="loginErr()[pri:0, instance:cases.Ready2Teach.Login_page@5e853265]" name="loginErr" duration-ms="1086" started-at="2019-11-27T16:42:20 IST" finished-at="2019-11-27T16:42:21 IST">
          <reporter-output>
          </reporter-output>
        </test-method> <!-- loginErr -->
        <test-method status="PASS" signature="loginPage(java.lang.String, java.lang.String)[pri:0, instance:cases.Ready2Teach.Login_page@5e853265]" name="loginPage" duration-ms="6681" started-at="2019-11-27T16:42:21 IST" data-provider="getdata" finished-at="2019-11-27T16:42:28 IST">
          <params>
            <param index="0">
              <value>
                <![CDATA[2211ragini@gmail.com]]>
              </value>
            </param>
            <param index="1">
              <value>
                <![CDATA[test123@r2t]]>
              </value>
            </param>
          </params>
          <reporter-output>
          </reporter-output>
        </test-method> <!-- loginPage -->
        <test-method status="FAIL" signature="testRembrMe(java.lang.String, java.lang.String)[pri:0, instance:cases.Ready2Teach.Login_page@5e853265]" name="testRembrMe" duration-ms="4071" started-at="2019-11-27T16:42:28 IST" data-provider="getdata" finished-at="2019-11-27T16:42:32 IST">
          <params>
            <param index="0">
              <value>
                <![CDATA[2211ragini@gmail.com]]>
              </value>
            </param>
            <param index="1">
              <value>
                <![CDATA[test123@r2t]]>
              </value>
            </param>
          </params>
          <exception class="java.lang.AssertionError">
            <message>
              <![CDATA[expected:<2211ragini@gmail.com> but was:<>]]>
            </message>
            <full-stacktrace>
              <![CDATA[java.lang.AssertionError: expected:<2211ragini@gmail.com> but was:<>
at org.testng.AssertJUnit.assertEquals(AssertJUnit.java:82)
at org.testng.AssertJUnit.assertEquals(AssertJUnit.java:87)
at cases.Ready2Teach.Login_page.testRembrMe(Login_page.java:89)
at sun.reflect.NativeMethodAccessorImpl.invoke0(Native Method)
at sun.reflect.NativeMethodAccessorImpl.invoke(NativeMethodAccessorImpl.java:62)
at sun.reflect.DelegatingMethodAccessorImpl.invoke(DelegatingMethodAccessorImpl.java:43)
at java.lang.reflect.Method.invoke(Method.java:498)
at org.testng.internal.MethodInvocationHelper.invokeMethod(MethodInvocationHelper.java:133)
at org.testng.internal.TestInvoker.invokeMethod(TestInvoker.java:584)
at org.testng.internal.TestInvoker.invokeTestMethod(TestInvoker.java:172)
at org.testng.internal.MethodRunner.runInSequence(MethodRunner.java:46)
at org.testng.internal.TestInvoker$MethodInvocationAgent.invoke(TestInvoker.java:804)
at org.testng.internal.TestInvoker.invokeTestMethods(TestInvoker.java:145)
at org.testng.internal.TestMethodWorker.invokeTestMethods(TestMethodWorker.java:146)
at org.testng.internal.TestMethodWorker.run(TestMethodWorker.java:128)
at java.util.ArrayList.forEach(ArrayList.java:1257)
at org.testng.TestRunner.privateRun(TestRunner.java:770)
at org.testng.TestRunner.run(TestRunner.java:591)
at org.testng.SuiteRunner.runTest(SuiteRunner.java:402)
at org.testng.SuiteRunner.runSequentially(SuiteRunner.java:396)
at org.testng.SuiteRunner.privateRun(SuiteRunner.java:355)
at org.testng.SuiteRunner.run(SuiteRunner.java:304)
at org.testng.SuiteRunnerWorker.runSuite(SuiteRunnerWorker.java:53)
at org.testng.SuiteRunnerWorker.run(SuiteRunnerWorker.java:96)
at org.testng.TestNG.runSuitesSequentially(TestNG.java:1180)
at org.testng.TestNG.runSuitesLocally(TestNG.java:1102)
at org.testng.TestNG.runSuites(TestNG.java:1032)
at org.testng.TestNG.run(TestNG.java:1000)
at org.testng.remote.AbstractRemoteTestNG.run(AbstractRemoteTestNG.java:115)
at org.testng.remote.RemoteTestNG.initAndRun(RemoteTestNG.java:251)
at org.testng.remote.RemoteTestNG.main(RemoteTestNG.java:77)
]]>
            </full-stacktrace>
          </exception> <!-- java.lang.AssertionError -->
          <reporter-output>
          </reporter-output>
        </test-method> <!-- testRembrMe -->
        <test-method status="PASS" signature="closedriver()[pri:0, instance:cases.Ready2Teach.Login_page@5e853265]" name="closedriver" is-config="true" duration-ms="70" started-at="2019-11-27T16:42:32 IST" finished-at="2019-11-27T16:42:32 IST">
          <reporter-output>
          </reporter-output>
        </test-method> <!-- closedriver -->
      </class> <!-- cases.Ready2Teach.Login_page -->
    </test> <!-- Login_Page -->
    <test name="School_Register" duration-ms="33727" started-at="2019-11-27T16:42:32 IST" finished-at="2019-11-27T16:43:06 IST">
      <class name="cases.Ready2Teach.School_Register">
        <test-method status="PASS" signature="basePageNavigation()[pri:0, instance:cases.Ready2Teach.School_Register@4b1c1ea0]" name="basePageNavigation" is-config="true" duration-ms="395" started-at="2019-11-27T16:42:32 IST" finished-at="2019-11-27T16:42:33 IST">
          <reporter-output>
          </reporter-output>
        </test-method> <!-- basePageNavigation -->
        <test-method status="PASS" signature="cnfmPwdMatch()[pri:0, instance:cases.Ready2Teach.School_Register@4b1c1ea0]" name="cnfmPwdMatch" duration-ms="5936" started-at="2019-11-27T16:42:33 IST" finished-at="2019-11-27T16:42:39 IST">
          <reporter-output>
          </reporter-output>
        </test-method> <!-- cnfmPwdMatch -->
        <test-method status="PASS" signature="cnfmPwdMatchErr()[pri:0, instance:cases.Ready2Teach.School_Register@4b1c1ea0]" name="cnfmPwdMatchErr" duration-ms="4566" started-at="2019-11-27T16:42:39 IST" finished-at="2019-11-27T16:42:43 IST">
          <reporter-output>
          </reporter-output>
        </test-method> <!-- cnfmPwdMatchErr -->
        <test-method status="PASS" signature="pwdLengthErr()[pri:0, instance:cases.Ready2Teach.School_Register@4b1c1ea0]" name="pwdLengthErr" duration-ms="2811" started-at="2019-11-27T16:42:43 IST" finished-at="2019-11-27T16:42:46 IST">
          <reporter-output>
          </reporter-output>
        </test-method> <!-- pwdLengthErr -->
        <test-method status="PASS" signature="schoolRegFormfill()[pri:0, instance:cases.Ready2Teach.School_Register@4b1c1ea0]" name="schoolRegFormfill" duration-ms="11132" started-at="2019-11-27T16:42:46 IST" finished-at="2019-11-27T16:42:57 IST">
          <reporter-output>
          </reporter-output>
        </test-method> <!-- schoolRegFormfill -->
        <test-method status="PASS" signature="subsregerror()[pri:0, instance:cases.Ready2Teach.School_Register@4b1c1ea0]" name="subsregerror" duration-ms="4471" started-at="2019-11-27T16:42:57 IST" finished-at="2019-11-27T16:43:02 IST">
          <reporter-output>
          </reporter-output>
        </test-method> <!-- subsregerror -->
        <test-method status="PASS" signature="validemailErr()[pri:0, instance:cases.Ready2Teach.School_Register@4b1c1ea0]" name="validemailErr" duration-ms="4236" started-at="2019-11-27T16:43:02 IST" finished-at="2019-11-27T16:43:06 IST">
          <reporter-output>
          </reporter-output>
        </test-method> <!-- validemailErr -->
        <test-method status="PASS" signature="closedriver()[pri:0, instance:cases.Ready2Teach.School_Register@4b1c1ea0]" name="closedriver" is-config="true" duration-ms="161" started-at="2019-11-27T16:43:06 IST" finished-at="2019-11-27T16:43:06 IST">
          <reporter-output>
          </reporter-output>
        </test-method> <!-- closedriver -->
      </class> <!-- cases.Ready2Teach.School_Register -->
    </test> <!-- School_Register -->
    <test name="SubsRegis" duration-ms="46751" started-at="2019-11-27T16:43:06 IST" finished-at="2019-11-27T16:43:53 IST">
      <class name="cases.Ready2Teach.SubsRegis">
        <test-method status="PASS" signature="basePageNavigation()[pri:0, instance:cases.Ready2Teach.SubsRegis@646d64ab]" name="basePageNavigation" is-config="true" duration-ms="459" started-at="2019-11-27T16:43:06 IST" finished-at="2019-11-27T16:43:07 IST">
          <reporter-output>
          </reporter-output>
        </test-method> <!-- basePageNavigation -->
        <test-method status="PASS" signature="EmailIdErr(java.lang.String, java.lang.String)[pri:0, instance:cases.Ready2Teach.SubsRegis@646d64ab]" name="EmailIdErr" duration-ms="6192" started-at="2019-11-27T16:43:07 IST" data-provider="EmailCheck" finished-at="2019-11-27T16:43:13 IST">
          <params>
            <param index="0">
              <value>
                <![CDATA[Rachna]]>
              </value>
            </param>
            <param index="1">
              <value>
                <![CDATA[Rachna]]>
              </value>
            </param>
          </params>
          <reporter-output>
          </reporter-output>
        </test-method> <!-- EmailIdErr -->
        <test-method status="PASS" signature="FinalTest(java.lang.String, java.lang.String, java.lang.String, java.lang.String, java.lang.String, java.lang.String)[pri:0, instance:cases.Ready2Teach.SubsRegis@646d64ab]" name="FinalTest" duration-ms="10899" started-at="2019-11-27T16:43:13 IST" data-provider="signupData" finished-at="2019-11-27T16:43:24 IST">
          <params>
            <param index="0">
              <value>
                <![CDATA[Rachna]]>
              </value>
            </param>
            <param index="1">
              <value>
                <![CDATA[Rachna@rajasoal.online]]>
              </value>
            </param>
            <param index="2">
              <value>
                <![CDATA[5646545644]]>
              </value>
            </param>
            <param index="3">
              <value>
                <![CDATA[Rachna@raja]]>
              </value>
            </param>
            <param index="4">
              <value>
                <![CDATA[Rachna@raja]]>
              </value>
            </param>
            <param index="5">
              <value>
                <![CDATA[Alabama, Autauga]]>
              </value>
            </param>
          </params>
          <reporter-output>
          </reporter-output>
        </test-method> <!-- FinalTest -->
        <test-method status="PASS" signature="InstructorSelectAll(java.lang.String, java.lang.String, java.lang.String, java.lang.String, java.lang.String)[pri:0, instance:cases.Ready2Teach.SubsRegis@646d64ab]" name="InstructorSelectAll" duration-ms="4154" started-at="2019-11-27T16:43:24 IST" data-provider="SelectAll" finished-at="2019-11-27T16:43:28 IST">
          <params>
            <param index="0">
              <value>
                <![CDATA[Rachna]]>
              </value>
            </param>
            <param index="1">
              <value>
                <![CDATA[Rachna@rajasoal.online]]>
              </value>
            </param>
            <param index="2">
              <value>
                <![CDATA[5646545644]]>
              </value>
            </param>
            <param index="3">
              <value>
                <![CDATA[Rachna@raja]]>
              </value>
            </param>
            <param index="4">
              <value>
                <![CDATA[Rachna@raja]]>
              </value>
            </param>
          </params>
          <reporter-output>
          </reporter-output>
        </test-method> <!-- InstructorSelectAll -->
        <test-method status="PASS" signature="PasswordErrs(java.lang.String, java.lang.String, java.lang.String, java.lang.String)[pri:0, instance:cases.Ready2Teach.SubsRegis@646d64ab]" name="PasswordErrs" duration-ms="2652" started-at="2019-11-27T16:43:28 IST" data-provider="passwrdErr1" finished-at="2019-11-27T16:43:30 IST">
          <params>
            <param index="0">
              <value>
                <![CDATA[Rachna]]>
              </value>
            </param>
            <param index="1">
              <value>
                <![CDATA[Rachna@rajasoal.online]]>
              </value>
            </param>
            <param index="2">
              <value>
                <![CDATA[5646545644]]>
              </value>
            </param>
            <param index="3">
              <value>
                <![CDATA[rachna]]>
              </value>
            </param>
          </params>
          <reporter-output>
          </reporter-output>
        </test-method> <!-- PasswordErrs -->
        <test-method status="PASS" signature="PasswordvalidErr(java.lang.String, java.lang.String, java.lang.String, java.lang.String)[pri:0, instance:cases.Ready2Teach.SubsRegis@646d64ab]" name="PasswordvalidErr" duration-ms="2527" started-at="2019-11-27T16:43:30 IST" data-provider="passwordErr" finished-at="2019-11-27T16:43:33 IST">
          <params>
            <param index="0">
              <value>
                <![CDATA[Rachna]]>
              </value>
            </param>
            <param index="1">
              <value>
                <![CDATA[Rachna@rajasoal.online]]>
              </value>
            </param>
            <param index="2">
              <value>
                <![CDATA[5646545644]]>
              </value>
            </param>
            <param index="3">
              <value>
                <![CDATA[Rachna@]]>
              </value>
            </param>
          </params>
          <reporter-output>
          </reporter-output>
        </test-method> <!-- PasswordvalidErr -->
        <test-method status="PASS" signature="SubInstructorSelectAll(java.lang.String, java.lang.String, java.lang.String, java.lang.String, java.lang.String)[pri:0, instance:cases.Ready2Teach.SubsRegis@646d64ab]" name="SubInstructorSelectAll" duration-ms="5124" started-at="2019-11-27T16:43:33 IST" data-provider="SelectAll" finished-at="2019-11-27T16:43:38 IST">
          <params>
            <param index="0">
              <value>
                <![CDATA[Rachna]]>
              </value>
            </param>
            <param index="1">
              <value>
                <![CDATA[Rachna@rajasoal.online]]>
              </value>
            </param>
            <param index="2">
              <value>
                <![CDATA[5646545644]]>
              </value>
            </param>
            <param index="3">
              <value>
                <![CDATA[Rachna@raja]]>
              </value>
            </param>
            <param index="4">
              <value>
                <![CDATA[Rachna@raja]]>
              </value>
            </param>
          </params>
          <reporter-output>
          </reporter-output>
        </test-method> <!-- SubInstructorSelectAll -->
        <test-method status="PASS" signature="SubsCounty(java.lang.String, java.lang.String, java.lang.String, java.lang.String, java.lang.String, java.lang.String)[pri:0, instance:cases.Ready2Teach.SubsRegis@646d64ab]" name="SubsCounty" duration-ms="8829" started-at="2019-11-27T16:43:38 IST" data-provider="signupData" finished-at="2019-11-27T16:43:47 IST">
          <params>
            <param index="0">
              <value>
                <![CDATA[Rachna]]>
              </value>
            </param>
            <param index="1">
              <value>
                <![CDATA[Rachna@rajasoal.online]]>
              </value>
            </param>
            <param index="2">
              <value>
                <![CDATA[5646545644]]>
              </value>
            </param>
            <param index="3">
              <value>
                <![CDATA[Rachna@raja]]>
              </value>
            </param>
            <param index="4">
              <value>
                <![CDATA[Rachna@raja]]>
              </value>
            </param>
            <param index="5">
              <value>
                <![CDATA[Alabama, Autauga]]>
              </value>
            </param>
          </params>
          <reporter-output>
          </reporter-output>
        </test-method> <!-- SubsCounty -->
        <test-method status="PASS" signature="SubsRegis_Err()[pri:0, instance:cases.Ready2Teach.SubsRegis@646d64ab]" name="SubsRegis_Err" duration-ms="2858" started-at="2019-11-27T16:43:47 IST" finished-at="2019-11-27T16:43:50 IST">
          <reporter-output>
          </reporter-output>
        </test-method> <!-- SubsRegis_Err -->
        <test-method status="PASS" signature="cnfrmPasswordErr(java.lang.String, java.lang.String, java.lang.String, java.lang.String, java.lang.String)[pri:0, instance:cases.Ready2Teach.SubsRegis@646d64ab]" name="cnfrmPasswordErr" duration-ms="2933" started-at="2019-11-27T16:43:50 IST" data-provider="cnfrmpwd" finished-at="2019-11-27T16:43:53 IST">
          <params>
            <param index="0">
              <value>
                <![CDATA[Rachna]]>
              </value>
            </param>
            <param index="1">
              <value>
                <![CDATA[Rachna@rajasoal.online]]>
              </value>
            </param>
            <param index="2">
              <value>
                <![CDATA[5646545644]]>
              </value>
            </param>
            <param index="3">
              <value>
                <![CDATA[Rachna@raja]]>
              </value>
            </param>
            <param index="4">
              <value>
                <![CDATA[Rachna]]>
              </value>
            </param>
          </params>
          <reporter-output>
          </reporter-output>
        </test-method> <!-- cnfrmPasswordErr -->
        <test-method status="PASS" signature="closedriver()[pri:0, instance:cases.Ready2Teach.SubsRegis@646d64ab]" name="closedriver" is-config="true" duration-ms="110" started-at="2019-11-27T16:43:53 IST" finished-at="2019-11-27T16:43:53 IST">
          <reporter-output>
          </reporter-output>
        </test-method> <!-- closedriver -->
      </class> <!-- cases.Ready2Teach.SubsRegis -->
    </test> <!-- SubsRegis -->
    <test name="ForgetPassword" duration-ms="30924" started-at="2019-11-27T16:43:53 IST" finished-at="2019-11-27T16:44:24 IST">
      <class name="cases.Ready2Teach.ForgetPassword">
        <test-method status="PASS" signature="basePageNavigation()[pri:0, instance:cases.Ready2Teach.ForgetPassword@4493d195]" name="basePageNavigation" is-config="true" duration-ms="452" started-at="2019-11-27T16:43:53 IST" finished-at="2019-11-27T16:43:53 IST">
          <reporter-output>
          </reporter-output>
        </test-method> <!-- basePageNavigation -->
        <test-method status="PASS" signature="ForgetPwdSchoolRegis()[pri:0, instance:cases.Ready2Teach.ForgetPassword@4493d195]" name="ForgetPwdSchoolRegis" duration-ms="9119" started-at="2019-11-27T16:43:53 IST" finished-at="2019-11-27T16:44:02 IST">
          <reporter-output>
          </reporter-output>
        </test-method> <!-- ForgetPwdSchoolRegis -->
        <test-method status="PASS" signature="ForgetPwdSubsRegis()[pri:0, instance:cases.Ready2Teach.ForgetPassword@4493d195]" name="ForgetPwdSubsRegis" duration-ms="2406" started-at="2019-11-27T16:44:02 IST" finished-at="2019-11-27T16:44:05 IST">
          <reporter-output>
          </reporter-output>
        </test-method> <!-- ForgetPwdSubsRegis -->
        <test-method status="PASS" signature="Forget_SignIn()[pri:0, instance:cases.Ready2Teach.ForgetPassword@4493d195]" name="Forget_SignIn" duration-ms="772" started-at="2019-11-27T16:44:05 IST" finished-at="2019-11-27T16:44:06 IST">
          <reporter-output>
          </reporter-output>
        </test-method> <!-- Forget_SignIn -->
        <test-method status="PASS" signature="forgetPasswordErr()[pri:0, instance:cases.Ready2Teach.ForgetPassword@4493d195]" name="forgetPasswordErr" duration-ms="1087" started-at="2019-11-27T16:44:06 IST" finished-at="2019-11-27T16:44:07 IST">
          <reporter-output>
          </reporter-output>
        </test-method> <!-- forgetPasswordErr -->
        <test-method status="PASS" signature="forgetPwd(java.lang.String, java.lang.String, java.lang.String, java.lang.String, java.lang.String)[pri:0, instance:cases.Ready2Teach.ForgetPassword@4493d195]" name="forgetPwd" duration-ms="17013" started-at="2019-11-27T16:44:07 IST" data-provider="getForgetPasswordData" finished-at="2019-11-27T16:44:24 IST">
          <params>
            <param index="0">
              <value>
                <![CDATA[2211ragini@gmail.com]]>
              </value>
            </param>
            <param index="1">
              <value>
                <![CDATA[2211Ragini@gmail.com]]>
              </value>
            </param>
            <param index="2">
              <value>
                <![CDATA[Raginibisht@2019]]>
              </value>
            </param>
            <param index="3">
              <value>
                <![CDATA[Raginibisht*2019]]>
              </value>
            </param>
            <param index="4">
              <value>
                <![CDATA[Raginibisht*2019]]>
              </value>
            </param>
          </params>
          <reporter-output>
          </reporter-output>
        </test-method> <!-- forgetPwd -->
        <test-method status="PASS" signature="closedriver()[pri:0, instance:cases.Ready2Teach.ForgetPassword@4493d195]" name="closedriver" is-config="true" duration-ms="71" started-at="2019-11-27T16:44:24 IST" finished-at="2019-11-27T16:44:24 IST">
          <reporter-output>
          </reporter-output>
        </test-method> <!-- closedriver -->
      </class> <!-- cases.Ready2Teach.ForgetPassword -->
    </test> <!-- ForgetPassword -->
  </suite> <!-- Suite -->
</testng-results>
