<?xml version="1.0" encoding="UTF-8"?>
<!-- Generated by org.testng.reporters.JUnitXMLReporter -->
<testsuite hostname="webric103-Vostro-3470" ignored="0" name="School_Register" tests="6" failures="0" timestamp="2019-11-21T11:03:51 IST" time="36.09" errors="0">
  <testcase name="cnfmPwdMatch" time="7.244" classname="cases.Ready2Teach.School_Register"/>
  <testcase name="cnfmPwdMatchErr" time="4.473" classname="cases.Ready2Teach.School_Register"/>
  <testcase name="pwdLengthErr" time="2.662" classname="cases.Ready2Teach.School_Register"/>
  <testcase name="schoolRegFormfill" time="10.965" classname="cases.Ready2Teach.School_Register"/>
  <testcase name="subsregerror" time="5.487" classname="cases.Ready2Teach.School_Register"/>
  <testcase name="validemailErr" time="4.654" classname="cases.Ready2Teach.School_Register"/>
</testsuite> <!-- School_Register -->
